{"/Users/feigao/project/Project/forthAMS/frontend/src/api/inventory.ts": {"path":"/Users/feigao/project/Project/forthAMS/frontend/src/api/inventory.ts","all":false,"statementMap":{"9":{"start":{"line":10,"column":0},"end":{"line":10,"column":32}},"198":{"start":{"line":199,"column":0},"end":{"line":199,"column":55}},"214":{"start":{"line":215,"column":0},"end":{"line":215,"column":40}},"215":{"start":{"line":216,"column":0},"end":{"line":216,"column":28}},"216":{"start":{"line":217,"column":0},"end":{"line":217,"column":46}},"217":{"start":{"line":218,"column":0},"end":{"line":218,"column":67}},"218":{"start":{"line":219,"column":0},"end":{"line":219,"column":60}},"219":{"start":{"line":220,"column":0},"end":{"line":220,"column":23}},"220":{"start":{"line":221,"column":0},"end":{"line":221,"column":1}},"232":{"start":{"line":233,"column":0},"end":{"line":233,"column":42}},"233":{"start":{"line":234,"column":0},"end":{"line":234,"column":29}},"234":{"start":{"line":235,"column":0},"end":{"line":235,"column":27}},"235":{"start":{"line":236,"column":0},"end":{"line":236,"column":48}},"236":{"start":{"line":237,"column":0},"end":{"line":237,"column":51}},"237":{"start":{"line":238,"column":0},"end":{"line":238,"column":23}},"238":{"start":{"line":239,"column":0},"end":{"line":239,"column":1}},"250":{"start":{"line":251,"column":0},"end":{"line":251,"column":45}},"251":{"start":{"line":252,"column":0},"end":{"line":252,"column":17}},"252":{"start":{"line":253,"column":0},"end":{"line":253,"column":27}},"253":{"start":{"line":254,"column":0},"end":{"line":254,"column":48}},"254":{"start":{"line":255,"column":0},"end":{"line":255,"column":56}},"255":{"start":{"line":256,"column":0},"end":{"line":256,"column":23}},"256":{"start":{"line":257,"column":0},"end":{"line":257,"column":1}},"268":{"start":{"line":269,"column":0},"end":{"line":269,"column":39}},"269":{"start":{"line":270,"column":0},"end":{"line":270,"column":17}},"270":{"start":{"line":271,"column":0},"end":{"line":271,"column":48}},"271":{"start":{"line":272,"column":0},"end":{"line":272,"column":27}},"272":{"start":{"line":273,"column":0},"end":{"line":273,"column":75}},"273":{"start":{"line":274,"column":0},"end":{"line":274,"column":48}},"274":{"start":{"line":275,"column":0},"end":{"line":275,"column":71}},"275":{"start":{"line":276,"column":0},"end":{"line":276,"column":23}},"276":{"start":{"line":277,"column":0},"end":{"line":277,"column":1}},"293":{"start":{"line":294,"column":0},"end":{"line":294,"column":36}},"294":{"start":{"line":295,"column":0},"end":{"line":295,"column":17}},"295":{"start":{"line":296,"column":0},"end":{"line":296,"column":29}},"296":{"start":{"line":297,"column":0},"end":{"line":297,"column":47}},"297":{"start":{"line":298,"column":0},"end":{"line":298,"column":68}},"298":{"start":{"line":299,"column":0},"end":{"line":299,"column":82}},"299":{"start":{"line":300,"column":0},"end":{"line":300,"column":23}},"300":{"start":{"line":301,"column":0},"end":{"line":301,"column":1}},"303":{"start":{"line":304,"column":0},"end":{"line":304,"column":48}},"318":{"start":{"line":319,"column":0},"end":{"line":319,"column":35}},"319":{"start":{"line":320,"column":0},"end":{"line":320,"column":17}},"320":{"start":{"line":321,"column":0},"end":{"line":321,"column":18}},"321":{"start":{"line":322,"column":0},"end":{"line":322,"column":26}},"322":{"start":{"line":323,"column":0},"end":{"line":323,"column":28}},"323":{"start":{"line":324,"column":0},"end":{"line":324,"column":49}},"324":{"start":{"line":325,"column":0},"end":{"line":325,"column":21}},"325":{"start":{"line":326,"column":0},"end":{"line":326,"column":68}},"326":{"start":{"line":327,"column":0},"end":{"line":327,"column":14}},"327":{"start":{"line":328,"column":0},"end":{"line":328,"column":6}},"328":{"start":{"line":329,"column":0},"end":{"line":329,"column":23}},"329":{"start":{"line":330,"column":0},"end":{"line":330,"column":1}},"342":{"start":{"line":343,"column":0},"end":{"line":343,"column":41}},"343":{"start":{"line":344,"column":0},"end":{"line":344,"column":17}},"344":{"start":{"line":345,"column":0},"end":{"line":345,"column":31}},"345":{"start":{"line":346,"column":0},"end":{"line":346,"column":18}},"346":{"start":{"line":347,"column":0},"end":{"line":347,"column":18}},"347":{"start":{"line":348,"column":0},"end":{"line":348,"column":61}},"348":{"start":{"line":349,"column":0},"end":{"line":349,"column":12}},"349":{"start":{"line":350,"column":0},"end":{"line":350,"column":4}},"350":{"start":{"line":351,"column":0},"end":{"line":351,"column":1}},"366":{"start":{"line":367,"column":0},"end":{"line":367,"column":37}},"367":{"start":{"line":368,"column":0},"end":{"line":368,"column":17}},"368":{"start":{"line":369,"column":0},"end":{"line":369,"column":30}},"369":{"start":{"line":370,"column":0},"end":{"line":370,"column":51}},"370":{"start":{"line":371,"column":0},"end":{"line":371,"column":64}},"371":{"start":{"line":372,"column":0},"end":{"line":372,"column":23}},"372":{"start":{"line":373,"column":0},"end":{"line":373,"column":1}},"375":{"start":{"line":376,"column":0},"end":{"line":376,"column":50}},"388":{"start":{"line":389,"column":0},"end":{"line":389,"column":33}},"389":{"start":{"line":390,"column":0},"end":{"line":390,"column":17}},"390":{"start":{"line":391,"column":0},"end":{"line":391,"column":27}},"391":{"start":{"line":392,"column":0},"end":{"line":392,"column":48}},"392":{"start":{"line":393,"column":0},"end":{"line":393,"column":64}},"393":{"start":{"line":394,"column":0},"end":{"line":394,"column":23}},"394":{"start":{"line":395,"column":0},"end":{"line":395,"column":1}},"397":{"start":{"line":398,"column":0},"end":{"line":398,"column":44}}},"s":{"9":1,"198":1,"214":3,"215":3,"216":3,"217":3,"218":3,"219":2,"220":2,"232":7,"233":7,"234":7,"235":7,"236":7,"237":6,"238":6,"250":3,"251":3,"252":3,"253":3,"254":3,"255":2,"256":2,"268":6,"269":6,"270":6,"271":6,"272":6,"273":6,"274":6,"275":6,"276":6,"293":2,"294":2,"295":2,"296":2,"297":2,"298":2,"299":2,"300":2,"303":1,"318":12,"319":12,"320":12,"321":12,"322":12,"323":12,"324":12,"325":12,"326":12,"327":12,"328":11,"329":11,"342":3,"343":3,"344":3,"345":3,"346":3,"347":3,"348":3,"349":3,"350":2,"366":2,"367":2,"368":2,"369":2,"370":2,"371":2,"372":2,"375":1,"388":2,"389":2,"390":2,"391":2,"392":2,"393":1,"394":1,"397":1},"branchMap":{"0":{"type":"branch","line":215,"loc":{"start":{"line":215,"column":0},"end":{"line":221,"column":1}},"locations":[{"start":{"line":215,"column":0},"end":{"line":221,"column":1}}]},"1":{"type":"branch","line":219,"loc":{"start":{"line":219,"column":58},"end":{"line":221,"column":1}},"locations":[{"start":{"line":219,"column":58},"end":{"line":221,"column":1}}]},"2":{"type":"branch","line":233,"loc":{"start":{"line":233,"column":0},"end":{"line":239,"column":1}},"locations":[{"start":{"line":233,"column":0},"end":{"line":239,"column":1}}]},"3":{"type":"branch","line":237,"loc":{"start":{"line":237,"column":49},"end":{"line":239,"column":1}},"locations":[{"start":{"line":237,"column":49},"end":{"line":239,"column":1}}]},"4":{"type":"branch","line":251,"loc":{"start":{"line":251,"column":0},"end":{"line":257,"column":1}},"locations":[{"start":{"line":251,"column":0},"end":{"line":257,"column":1}}]},"5":{"type":"branch","line":255,"loc":{"start":{"line":255,"column":54},"end":{"line":257,"column":1}},"locations":[{"start":{"line":255,"column":54},"end":{"line":257,"column":1}}]},"6":{"type":"branch","line":269,"loc":{"start":{"line":269,"column":0},"end":{"line":277,"column":1}},"locations":[{"start":{"line":269,"column":0},"end":{"line":277,"column":1}}]},"7":{"type":"branch","line":273,"loc":{"start":{"line":273,"column":63},"end":{"line":273,"column":75}},"locations":[{"start":{"line":273,"column":63},"end":{"line":273,"column":75}}]},"8":{"type":"branch","line":294,"loc":{"start":{"line":294,"column":0},"end":{"line":301,"column":1}},"locations":[{"start":{"line":294,"column":0},"end":{"line":301,"column":1}}]},"9":{"type":"branch","line":319,"loc":{"start":{"line":319,"column":0},"end":{"line":330,"column":1}},"locations":[{"start":{"line":319,"column":0},"end":{"line":330,"column":1}}]},"10":{"type":"branch","line":328,"loc":{"start":{"line":328,"column":4},"end":{"line":330,"column":1}},"locations":[{"start":{"line":328,"column":4},"end":{"line":330,"column":1}}]},"11":{"type":"branch","line":343,"loc":{"start":{"line":343,"column":0},"end":{"line":351,"column":1}},"locations":[{"start":{"line":343,"column":0},"end":{"line":351,"column":1}}]},"12":{"type":"branch","line":350,"loc":{"start":{"line":350,"column":2},"end":{"line":351,"column":1}},"locations":[{"start":{"line":350,"column":2},"end":{"line":351,"column":1}}]},"13":{"type":"branch","line":367,"loc":{"start":{"line":367,"column":0},"end":{"line":373,"column":1}},"locations":[{"start":{"line":367,"column":0},"end":{"line":373,"column":1}}]},"14":{"type":"branch","line":389,"loc":{"start":{"line":389,"column":0},"end":{"line":395,"column":1}},"locations":[{"start":{"line":389,"column":0},"end":{"line":395,"column":1}}]},"15":{"type":"branch","line":393,"loc":{"start":{"line":393,"column":62},"end":{"line":395,"column":1}},"locations":[{"start":{"line":393,"column":62},"end":{"line":395,"column":1}}]}},"b":{"0":[3],"1":[2],"2":[7],"3":[6],"4":[3],"5":[2],"6":[6],"7":[0],"8":[2],"9":[12],"10":[11],"11":[3],"12":[2],"13":[2],"14":[2],"15":[1]},"fnMap":{"0":{"name":"getInventoryTasks","decl":{"start":{"line":215,"column":0},"end":{"line":221,"column":1}},"loc":{"start":{"line":215,"column":0},"end":{"line":221,"column":1}},"line":215},"1":{"name":"createInventoryTask","decl":{"start":{"line":233,"column":0},"end":{"line":239,"column":1}},"loc":{"start":{"line":233,"column":0},"end":{"line":239,"column":1}},"line":233},"2":{"name":"getInventoryTaskDetail","decl":{"start":{"line":251,"column":0},"end":{"line":257,"column":1}},"loc":{"start":{"line":251,"column":0},"end":{"line":257,"column":1}},"line":251},"3":{"name":"updateTaskStatus","decl":{"start":{"line":269,"column":0},"end":{"line":277,"column":1}},"loc":{"start":{"line":269,"column":0},"end":{"line":277,"column":1}},"line":269},"4":{"name":"getTaskAssets","decl":{"start":{"line":294,"column":0},"end":{"line":301,"column":1}},"loc":{"start":{"line":294,"column":0},"end":{"line":301,"column":1}},"line":294},"5":{"name":"confirmAsset","decl":{"start":{"line":319,"column":0},"end":{"line":330,"column":1}},"loc":{"start":{"line":319,"column":0},"end":{"line":330,"column":1}},"line":319},"6":{"name":"batchConfirmAssets","decl":{"start":{"line":343,"column":0},"end":{"line":351,"column":1}},"loc":{"start":{"line":343,"column":0},"end":{"line":351,"column":1}},"line":343},"7":{"name":"getTaskSummary","decl":{"start":{"line":367,"column":0},"end":{"line":373,"column":1}},"loc":{"start":{"line":367,"column":0},"end":{"line":373,"column":1}},"line":367},"8":{"name":"submitTask","decl":{"start":{"line":389,"column":0},"end":{"line":395,"column":1}},"loc":{"start":{"line":389,"column":0},"end":{"line":395,"column":1}},"line":389}},"f":{"0":3,"1":7,"2":3,"3":6,"4":2,"5":12,"6":3,"7":2,"8":2}}
}
